<?xml version="1.0" encoding="UTF-8"?>
<robot generator="Robot 7.1.1 (Python 3.13.0 on darwin)" generated="2024-11-14T17:13:28.697379" rpa="false" schemaversion="5">
<suite id="s1" name="Demo" source="/Users/it_dev/robot_test/demo.robot">
<test id="s1-t1" name="TS_01 : เปิด ​Browser" line="33">
<kw name="Login Website">
<kw name="Open Browser" owner="SeleniumLibrary">
<msg time="2024-11-14T17:13:28.925431" level="INFO">Opening browser 'chrome' to base url 'https://deveworkpermit.onlineasset.co.th/'.</msg>
<arg>${Url}</arg>
<arg>chrome</arg>
<doc>Opens a new browser instance to the optional ``url``.</doc>
<status status="PASS" start="2024-11-14T17:13:28.924941" elapsed="3.535095"/>
</kw>
<kw name="Wait Until Element Is Visible" owner="SeleniumLibrary">
<arg>css:.swal2-confirm.swal2-styled.lang_btn_login</arg>
<arg>10s</arg>
<doc>Waits until the element ``locator`` is visible.</doc>
<status status="PASS" start="2024-11-14T17:13:32.461062" elapsed="0.055332"/>
</kw>
<kw name="Click Element" owner="SeleniumLibrary">
<msg time="2024-11-14T17:13:32.516978" level="INFO">Clicking element 'css:.swal2-confirm.swal2-styled.lang_btn_login'.</msg>
<arg>css:.swal2-confirm.swal2-styled.lang_btn_login</arg>
<doc>Click the element identified by ``locator``.</doc>
<status status="PASS" start="2024-11-14T17:13:32.516703" elapsed="1.449041"/>
</kw>
<kw name="Wait Until Element Is Visible" owner="SeleniumLibrary">
<arg>id:User_typeLogin</arg>
<arg>10s</arg>
<doc>Waits until the element ``locator`` is visible.</doc>
<status status="PASS" start="2024-11-14T17:13:33.966132" elapsed="0.019786"/>
</kw>
<kw name="Sleep" owner="BuiltIn">
<msg time="2024-11-14T17:13:36.988305" level="INFO">Slept 3 seconds.</msg>
<arg>3s</arg>
<doc>Pauses the test executed for the given time.</doc>
<status status="PASS" start="2024-11-14T17:13:33.986189" elapsed="3.002772"/>
</kw>
<kw name="Select From List By Value" owner="SeleniumLibrary">
<msg time="2024-11-14T17:13:36.990365" level="INFO">Selecting options from selection list 'id:User_typeLogin' by value 1.</msg>
<arg>id:User_typeLogin</arg>
<arg>1</arg>
<doc>Selects options from selection list ``locator`` by ``values``.</doc>
<status status="PASS" start="2024-11-14T17:13:36.989566" elapsed="0.078897"/>
</kw>
<kw name="Input Text" owner="SeleniumLibrary">
<msg time="2024-11-14T17:13:37.069105" level="INFO">Typing text 'nonnoi_ECCF@gmail.com' into text field 'id:username_login'.</msg>
<arg>id:username_login</arg>
<arg>${EMAIL}</arg>
<doc>Types the given ``text`` into the text field identified by ``locator``.</doc>
<status status="PASS" start="2024-11-14T17:13:37.068731" elapsed="0.217580"/>
</kw>
<kw name="Input Password" owner="SeleniumLibrary">
<msg time="2024-11-14T17:13:37.286960" level="INFO">Typing password into text field 'id:password_login'.</msg>
<msg time="2024-11-14T17:13:37.311999" level="INFO">Temporally setting log level to: NONE</msg>
<arg>id:password_login</arg>
<arg>${PASSWORD}</arg>
<doc>Types the given password into the text field identified by ``locator``.</doc>
<status status="PASS" start="2024-11-14T17:13:37.286583" elapsed="0.073048"/>
</kw>
<kw name="Click Button" owner="SeleniumLibrary">
<msg time="2024-11-14T17:13:37.360155" level="INFO">Clicking button 'id:validate_login'.</msg>
<arg>id:validate_login</arg>
<doc>Clicks the button identified by ``locator``.</doc>
<status status="PASS" start="2024-11-14T17:13:37.359891" elapsed="0.088744"/>
</kw>
<kw name="Wait Until Element Is Visible" owner="SeleniumLibrary">
<arg>id:menu_show</arg>
<doc>Waits until the element ``locator`` is visible.</doc>
<status status="PASS" start="2024-11-14T17:13:37.449141" elapsed="0.198344"/>
</kw>
<kw name="Execute Javascript" owner="SeleniumLibrary">
<msg time="2024-11-14T17:13:37.648488" level="INFO">Executing JavaScript:
document.querySelector('.lang_menu_service').click();
Without any arguments.</msg>
<arg>document.querySelector('.lang_menu_service').click();</arg>
<doc>Executes the given JavaScript code with possible arguments.</doc>
<status status="PASS" start="2024-11-14T17:13:37.647856" elapsed="0.007542"/>
</kw>
<kw name="Execute Javascript" owner="SeleniumLibrary">
<msg time="2024-11-14T17:13:37.656464" level="INFO">Executing JavaScript:
document.querySelector("warningAlert2("alert_t_1","alert_m_1_1","","")").click();
Without any arguments.</msg>
<msg time="2024-11-14T17:13:37.767945" level="INFO" html="true">&lt;/td&gt;&lt;/tr&gt;&lt;tr&gt;&lt;td colspan="3"&gt;&lt;a href="selenium-screenshot-17.png"&gt;&lt;img src="selenium-screenshot-17.png" width="800px"&gt;&lt;/a&gt;</msg>
<msg time="2024-11-14T17:13:37.768468" level="FAIL">JavascriptException: Message: javascript error: missing ) after argument list
  (Session info: chrome=131.0.6778.70)
Stacktrace:
0   chromedriver                        0x000000010d329ad8 chromedriver + 7105240
1   chromedriver                        0x000000010d321a7a chromedriver + 7072378
2   chromedriver                        0x000000010ccc4d80 chromedriver + 400768
3   chromedriver                        0x000000010cccad1f chromedriver + 425247
4   chromedriver                        0x000000010cccd54e chromedriver + 435534
5   chromedriver                        0x000000010cd58498 chromedriver + 1004696
6   chromedriver                        0x000000010cd38432 chromedriver + 873522
7   chromedriver                        0x000000010cd573be chromedriver + 1000382
8   chromedriver                        0x000000010cd381d3 chromedriver + 872915
9   chromedriver                        0x000000010cd06762 chromedriver + 669538
10  chromedriver                        0x000000010cd0773e chromedriver + 673598
11  chromedriver                        0x000000010d2efb60 chromedriver + 6867808
12  chromedriver                        0x000000010d2f3a90 chromedriver + 6883984
13  chromedriver                        0x000000010d2d18c7 chromedriver + 6744263
14  chromedriver                        0x000000010d2f451e chromedriver + 6886686
15  chromedriver                        0x000000010d2c0fc4 chromedriver + 6676420
16  chromedriver                        0x000000010d3101d8 chromedriver + 7000536
17  chromedriver                        0x000000010d310396 chromedriver + 7000982
18  chromedriver                        0x000000010d321658 chromedriver + 7071320
19  libsystem_pthread.dylib             0x00007ff811c15202 _pthread_start + 99
20  libsystem_pthread.dylib             0x00007ff811c10bab thread_start + 15
</msg>
<arg>document.querySelector("warningAlert2("alert_t_1","alert_m_1_1","","")").click();</arg>
<doc>Executes the given JavaScript code with possible arguments.</doc>
<status status="FAIL" start="2024-11-14T17:13:37.655834" elapsed="0.121493">JavascriptException: Message: javascript error: missing ) after argument list
  (Session info: chrome=131.0.6778.70)
Stacktrace:
0   chromedriver                        0x000000010d329ad8 chromedriver + 7105240
1   chromedriver                        0x000000010d321a7a chromedriver + 7072378
2   chromedriver                        0x000000010ccc4d80 chromedriver + 400768
3   chromedriver                        0x000000010cccad1f chromedriver + 425247
4   chromedriver                        0x000000010cccd54e chromedriver + 435534
5   chromedriver                        0x000000010cd58498 chromedriver + 1004696
6   chromedriver                        0x000000010cd38432 chromedriver + 873522
7   chromedriver                        0x000000010cd573be chromedriver + 1000382
8   chromedriver                        0x000000010cd381d3 chromedriver + 8...
    [ Message content over the limit has been removed. ]
10  chromedriver                        0x000000010cd0773e chromedriver + 673598
11  chromedriver                        0x000000010d2efb60 chromedriver + 6867808
12  chromedriver                        0x000000010d2f3a90 chromedriver + 6883984
13  chromedriver                        0x000000010d2d18c7 chromedriver + 6744263
14  chromedriver                        0x000000010d2f451e chromedriver + 6886686
15  chromedriver                        0x000000010d2c0fc4 chromedriver + 6676420
16  chromedriver                        0x000000010d3101d8 chromedriver + 7000536
17  chromedriver                        0x000000010d310396 chromedriver + 7000982
18  chromedriver                        0x000000010d321658 chromedriver + 7071320
19  libsystem_pthread.dylib             0x00007ff811c15202 _pthread_start + 99
20  libsystem_pthread.dylib             0x00007ff811c10bab thread_start + 15</status>
</kw>
<status status="FAIL" start="2024-11-14T17:13:28.923738" elapsed="8.854425">JavascriptException: Message: javascript error: missing ) after argument list
  (Session info: chrome=131.0.6778.70)
Stacktrace:
0   chromedriver                        0x000000010d329ad8 chromedriver + 7105240
1   chromedriver                        0x000000010d321a7a chromedriver + 7072378
2   chromedriver                        0x000000010ccc4d80 chromedriver + 400768
3   chromedriver                        0x000000010cccad1f chromedriver + 425247
4   chromedriver                        0x000000010cccd54e chromedriver + 435534
5   chromedriver                        0x000000010cd58498 chromedriver + 1004696
6   chromedriver                        0x000000010cd38432 chromedriver + 873522
7   chromedriver                        0x000000010cd573be chromedriver + 1000382
8   chromedriver                        0x000000010cd381d3 chromedriver + 8...
    [ Message content over the limit has been removed. ]
10  chromedriver                        0x000000010cd0773e chromedriver + 673598
11  chromedriver                        0x000000010d2efb60 chromedriver + 6867808
12  chromedriver                        0x000000010d2f3a90 chromedriver + 6883984
13  chromedriver                        0x000000010d2d18c7 chromedriver + 6744263
14  chromedriver                        0x000000010d2f451e chromedriver + 6886686
15  chromedriver                        0x000000010d2c0fc4 chromedriver + 6676420
16  chromedriver                        0x000000010d3101d8 chromedriver + 7000536
17  chromedriver                        0x000000010d310396 chromedriver + 7000982
18  chromedriver                        0x000000010d321658 chromedriver + 7071320
19  libsystem_pthread.dylib             0x00007ff811c15202 _pthread_start + 99
20  libsystem_pthread.dylib             0x00007ff811c10bab thread_start + 15</status>
</kw>
<status status="FAIL" start="2024-11-14T17:13:28.922315" elapsed="8.857005">JavascriptException: Message: javascript error: missing ) after argument list
  (Session info: chrome=131.0.6778.70)
Stacktrace:
0   chromedriver                        0x000000010d329ad8 chromedriver + 7105240
1   chromedriver                        0x000000010d321a7a chromedriver + 7072378
2   chromedriver                        0x000000010ccc4d80 chromedriver + 400768
3   chromedriver                        0x000000010cccad1f chromedriver + 425247
4   chromedriver                        0x000000010cccd54e chromedriver + 435534
5   chromedriver                        0x000000010cd58498 chromedriver + 1004696
6   chromedriver                        0x000000010cd38432 chromedriver + 873522
7   chromedriver                        0x000000010cd573be chromedriver + 1000382
8   chromedriver                        0x000000010cd381d3 chromedriver + 8...
    [ Message content over the limit has been removed. ]
10  chromedriver                        0x000000010cd0773e chromedriver + 673598
11  chromedriver                        0x000000010d2efb60 chromedriver + 6867808
12  chromedriver                        0x000000010d2f3a90 chromedriver + 6883984
13  chromedriver                        0x000000010d2d18c7 chromedriver + 6744263
14  chromedriver                        0x000000010d2f451e chromedriver + 6886686
15  chromedriver                        0x000000010d2c0fc4 chromedriver + 6676420
16  chromedriver                        0x000000010d3101d8 chromedriver + 7000536
17  chromedriver                        0x000000010d310396 chromedriver + 7000982
18  chromedriver                        0x000000010d321658 chromedriver + 7071320
19  libsystem_pthread.dylib             0x00007ff811c15202 _pthread_start + 99
20  libsystem_pthread.dylib             0x00007ff811c10bab thread_start + 15</status>
</test>
<status status="FAIL" start="2024-11-14T17:13:28.701298" elapsed="9.080664"/>
</suite>
<statistics>
<total>
<stat pass="0" fail="1" skip="0">All Tests</stat>
</total>
<tag>
</tag>
<suite>
<stat pass="0" fail="1" skip="0" id="s1" name="Demo">Demo</stat>
</suite>
</statistics>
<errors>
</errors>
</robot>
